<?xml version="1.0" encoding="UTF-8"?>
<!-- Generated by org.testng.reporters.JUnitXMLReporter -->
<testsuite ignored="0" hostname="DESKTOP-5EVK54D" failures="0" tests="4" name="Sell Shares" time="0.178" errors="0" timestamp="2022-07-25T08:15:18 IST">
  <testcase classname="testngdiscussion.LoginTest" name="loginWithCorrectCreds" time="0.019"/>
  <testcase classname="testngdiscussion.LoginTest" name="verifyTitle" time="0.013"/>
  <testcase classname="testngdiscussion.DashBoardTest" name="adminTab" time="0.006"/>
  <testcase classname="testngdiscussion.DashBoardTest" name="profileTab" time="0.004"/>
</testsuite> <!-- Sell Shares -->
