<?xml version="1.0" encoding="UTF-8"?>
<!-- Generated by org.testng.reporters.JUnitXMLReporter -->
<testsuite ignored="0" hostname="DESKTOP-5EVK54D" failures="0" tests="3" name="Default test" time="18.855" errors="0" timestamp="2022-07-30T19:40:59 IST">
  <testcase classname="testngdiscussion.AmazonListenersTest" name="navToURL" time="11.646"/>
  <testcase classname="testngdiscussion.AmazonListenersTest" name="searchTest" time="4.997"/>
  <testcase classname="testngdiscussion.AmazonListenersTest" name="clickOnProduct" time="2.095"/>
</testsuite> <!-- Default test -->
