<?xml version="1.0" encoding="UTF-8"?>
<!-- Generated by org.testng.reporters.JUnitXMLReporter -->
<testsuite ignored="0" hostname="DESKTOP-5EVK54D" failures="0" tests="3" name="Amazon Basic functionality" time="20.727" errors="0" timestamp="2022-07-30T20:08:12 IST">
  <testcase classname="testngdiscussion.AmazonListenersTest" name="navToURL" time="12.108"/>
  <testcase classname="testngdiscussion.AmazonListenersTest" name="searchTest" time="6.115"/>
  <testcase classname="testngdiscussion.AmazonListenersTest" name="clickOnProduct" time="2.395"/>
</testsuite> <!-- Amazon Basic functionality -->
