<?xml version="1.0" encoding="UTF-8"?>
<!-- Generated by org.testng.reporters.JUnitXMLReporter -->
<testsuite ignored="0" hostname="DESKTOP-5EVK54D" failures="1" tests="3" name="Amazon Basic functionality" time="17.965" errors="0" timestamp="2022-08-01T08:04:52 IST">
  <testcase classname="testngdiscussion.AmazonListenersTest" name="navToURL" time="10.772"/>
  <testcase classname="testngdiscussion.AmazonListenersTest" name="searchTest" time="6.268">
    <failure type="java.lang.AssertionError" message="expected [Amazon.in : mobilephone] but found [Amazon.in : Mobile Phone]">
      <![CDATA[java.lang.AssertionError: expected [Amazon.in : mobilephone] but found [Amazon.in : Mobile Phone]
at testngdiscussion.AmazonListenersTest.searchTest(AmazonListenersTest.java:40)
at java.base/java.util.ArrayList.forEach(ArrayList.java:1511)
... Removed 33 stack frames]]>
    </failure>
  </testcase> <!-- searchTest -->
  <testcase classname="testngdiscussion.AmazonListenersTest" name="clickOnProduct" time="0.0">
    <skipped/>
  </testcase> <!-- clickOnProduct -->
</testsuite> <!-- Amazon Basic functionality -->
