<?xml version="1.0" encoding="UTF-8"?>
<!-- Generated by org.testng.reporters.JUnitXMLReporter -->
<testsuite ignored="0" hostname="DESKTOP-5EVK54D" failures="0" tests="4" name="Test" time="0.234" errors="0" timestamp="2022-07-26T07:40:19 IST">
  <testcase classname="testngdiscussion.Annotations" name="checkBoxTest" time="0.034"/>
  <testcase classname="testngdiscussion.Annotations" name="profile" time="0.003"/>
  <testcase classname="testngdiscussion.Annotations2" name="dashBoard" time="0.009"/>
  <testcase classname="testngdiscussion.Annotations2" name="home" time="0.003"/>
</testsuite> <!-- Test -->
