<?xml version="1.0" encoding="UTF-8"?>
<!-- Generated by org.testng.reporters.JUnitXMLReporter -->
<testsuite ignored="6" hostname="DESKTOP-5EVK54D" failures="0" tests="3" name="Test" time="0.178" errors="0" timestamp="2022-07-28T08:42:50 IST">
  <testcase classname="testngdiscussion.GroupingOfTestCase" name="home" time="0.02"/>
  <testcase classname="testngdiscussion.GroupingOfTestCase" name="logout" time="0.003"/>
  <testcase classname="testngdiscussion.GroupingOfTestCase2" name="viewProfile" time="0.005"/>
  <testcase classname="testngdiscussion.GroupingOfTestCase" name="profile" time="0.0">
    <ignored/>
  </testcase> <!-- profile -->
  <testcase classname="testngdiscussion.GroupingOfTestCase" name="admin" time="0.0">
    <ignored/>
  </testcase> <!-- admin -->
  <testcase classname="testngdiscussion.GroupingOfTestCase" name="dashBoard" time="0.0">
    <ignored/>
  </testcase> <!-- dashBoard -->
  <testcase classname="testngdiscussion.GroupingOfTestCase" name="login" time="0.0">
    <ignored/>
  </testcase> <!-- login -->
  <testcase classname="testngdiscussion.GroupingOfTestCase2" name="changeDetails" time="0.0">
    <ignored/>
  </testcase> <!-- changeDetails -->
  <testcase classname="testngdiscussion.GroupingOfTestCase2" name="handlingWindows" time="0.0">
    <ignored/>
  </testcase> <!-- handlingWindows -->
</testsuite> <!-- Test -->
