<?xml version="1.0" encoding="UTF-8"?>
<testng-results ignored="0" total="3" passed="3" failed="0" skipped="0">
  <reporter-output>
  </reporter-output>
  <suite started-at="2022-08-03T09:03:25 IST" name="Default suite" finished-at="2022-08-03T09:04:01 IST" duration-ms="35981">
    <groups>
    </groups>
    <test started-at="2022-08-03T09:03:25 IST" name="Default test" finished-at="2022-08-03T09:04:01 IST" duration-ms="35981">
      <class name="testngdiscussion.AmazonListenersTest">
        <test-method signature="navToURL()[pri:1, instance:testngdiscussion.AmazonListenersTest@1de76cc7]" started-at="2022-08-03T09:03:25 IST" name="navToURL" finished-at="2022-08-03T09:03:33 IST" duration-ms="8496" status="PASS">
          <reporter-output>
          </reporter-output>
        </test-method> <!-- navToURL -->
        <test-method signature="searchTest()[pri:2, instance:testngdiscussion.AmazonListenersTest@1de76cc7]" started-at="2022-08-03T09:03:33 IST" name="searchTest" finished-at="2022-08-03T09:03:38 IST" duration-ms="5226" status="PASS">
          <reporter-output>
          </reporter-output>
        </test-method> <!-- searchTest -->
        <test-method signature="clickOnProductAndAdd()[pri:3, instance:testngdiscussion.AmazonListenersTest@1de76cc7]" started-at="2022-08-03T09:03:38 IST" name="clickOnProductAndAdd" finished-at="2022-08-03T09:04:01 IST" duration-ms="22137" status="PASS">
          <reporter-output>
          </reporter-output>
        </test-method> <!-- clickOnProductAndAdd -->
      </class> <!-- testngdiscussion.AmazonListenersTest -->
    </test> <!-- Default test -->
  </suite> <!-- Default suite -->
</testng-results>
